<?xml version="1.0" encoding="UTF-8"?>
<testng-results ignored="0" total="3" passed="3" failed="0" skipped="0">
  <reporter-output>
  </reporter-output>
  <suite started-at="2026-04-02T18:49:57 IST" name="Suite" finished-at="2026-04-02T18:50:42 IST" duration-ms="45303">
    <groups>
    </groups>
    <test started-at="2026-04-02T18:49:57 IST" name="chrometest" finished-at="2026-04-02T18:50:24 IST" duration-ms="26475">
      <class name="testCases.TC001_AccountRegistrationTest">
        <test-method is-config="true" signature="setup(java.lang.String)[pri:0, instance:testCases.TC001_AccountRegistrationTest@19835e64]" started-at="2026-04-02T18:49:57 IST" name="setup" finished-at="2026-04-02T18:50:17 IST" duration-ms="20253" status="PASS">
          <params>
            <param index="0">
              <value>
                <![CDATA[chrome]]>
              </value>
            </param>
          </params>
          <reporter-output>
          </reporter-output>
        </test-method> <!-- setup -->
        <test-method signature="verify_account_registration()[pri:0, instance:testCases.TC001_AccountRegistrationTest@19835e64]" started-at="2026-04-02T18:50:17 IST" name="verify_account_registration" finished-at="2026-04-02T18:50:23 IST" duration-ms="5898" status="PASS">
          <reporter-output>
          </reporter-output>
        </test-method> <!-- verify_account_registration -->
        <test-method is-config="true" signature="teardown()[pri:0, instance:testCases.TC001_AccountRegistrationTest@19835e64]" started-at="2026-04-02T18:50:23 IST" name="teardown" finished-at="2026-04-02T18:50:24 IST" duration-ms="235" status="PASS">
          <reporter-output>
          </reporter-output>
        </test-method> <!-- teardown -->
      </class> <!-- testCases.TC001_AccountRegistrationTest -->
    </test> <!-- chrometest -->
    <test started-at="2026-04-02T18:49:57 IST" name="firefoxtest" finished-at="2026-04-02T18:50:25 IST" duration-ms="27561">
      <class name="testCases.TC001_AccountRegistrationTest">
        <test-method is-config="true" signature="setup(java.lang.String)[pri:0, instance:testCases.TC001_AccountRegistrationTest@403f0a22]" started-at="2026-04-02T18:49:57 IST" name="setup" finished-at="2026-04-02T18:50:20 IST" duration-ms="22550" status="PASS">
          <params>
            <param index="0">
              <value>
                <![CDATA[firefox]]>
              </value>
            </param>
          </params>
          <reporter-output>
          </reporter-output>
        </test-method> <!-- setup -->
        <test-method signature="verify_account_registration()[pri:0, instance:testCases.TC001_AccountRegistrationTest@403f0a22]" started-at="2026-04-02T18:50:20 IST" name="verify_account_registration" finished-at="2026-04-02T18:50:23 IST" duration-ms="3057" status="PASS">
          <reporter-output>
          </reporter-output>
        </test-method> <!-- verify_account_registration -->
        <test-method is-config="true" signature="teardown()[pri:0, instance:testCases.TC001_AccountRegistrationTest@403f0a22]" started-at="2026-04-02T18:50:23 IST" name="teardown" finished-at="2026-04-02T18:50:25 IST" duration-ms="1885" status="PASS">
          <reporter-output>
          </reporter-output>
        </test-method> <!-- teardown -->
      </class> <!-- testCases.TC001_AccountRegistrationTest -->
    </test> <!-- firefoxtest -->
    <test started-at="2026-04-02T18:49:57 IST" name="edgetest" finished-at="2026-04-02T18:50:42 IST" duration-ms="45303">
      <class name="testCases.TC001_AccountRegistrationTest">
        <test-method is-config="true" signature="setup(java.lang.String)[pri:0, instance:testCases.TC001_AccountRegistrationTest@5a18cd76]" started-at="2026-04-02T18:49:57 IST" name="setup" finished-at="2026-04-02T18:50:39 IST" duration-ms="42352" status="PASS">
          <params>
            <param index="0">
              <value>
                <![CDATA[edge]]>
              </value>
            </param>
          </params>
          <reporter-output>
          </reporter-output>
        </test-method> <!-- setup -->
        <test-method signature="verify_account_registration()[pri:0, instance:testCases.TC001_AccountRegistrationTest@5a18cd76]" started-at="2026-04-02T18:50:39 IST" name="verify_account_registration" finished-at="2026-04-02T18:50:42 IST" duration-ms="2669" status="PASS">
          <reporter-output>
          </reporter-output>
        </test-method> <!-- verify_account_registration -->
        <test-method is-config="true" signature="teardown()[pri:0, instance:testCases.TC001_AccountRegistrationTest@5a18cd76]" started-at="2026-04-02T18:50:42 IST" name="teardown" finished-at="2026-04-02T18:50:42 IST" duration-ms="217" status="PASS">
          <reporter-output>
          </reporter-output>
        </test-method> <!-- teardown -->
      </class> <!-- testCases.TC001_AccountRegistrationTest -->
    </test> <!-- edgetest -->
  </suite> <!-- Suite -->
</testng-results>
