<?xml version="1.0" encoding="UTF-8"?>
<!-- Generated by org.testng.reporters.JUnitReportReporter -->
<testsuite hostname="DESKTOP-0C0TAH5" failures="0" tests="3" name="testCases.TC001_AccountRegistrationTest" time="11.624" errors="0" timestamp="2026-04-02T18:50:43 IST" skipped="0">
  <testcase classname="testCases.TC001_AccountRegistrationTest" name="verify_account_registration" time="2.669"/>
  <testcase classname="testCases.TC001_AccountRegistrationTest" name="verify_account_registration" time="5.898"/>
  <testcase classname="testCases.TC001_AccountRegistrationTest" name="verify_account_registration" time="3.057"/>
</testsuite> <!-- testCases.TC001_AccountRegistrationTest -->
