<?xml version="1.0" encoding="UTF-8"?>
<!-- Generated by org.testng.reporters.JUnitReportReporter -->
<testsuite hostname="DESKTOP-BLKQ0N1" failures="0" tests="3" name="testCases.TC002_loginTest" time="20.585" errors="0" timestamp="2026-03-25T18:10:54 IST" skipped="0">
  <testcase classname="testCases.TC002_loginTest" name="verify_login" time="3.405"/>
  <testcase classname="testCases.TC002_loginTest" name="verify_login" time="8.455"/>
  <testcase classname="testCases.TC002_loginTest" name="verify_login" time="8.725"/>
</testsuite> <!-- testCases.TC002_loginTest -->
